2013/12/04 09:28:59 [debug] [application] sex="female"    .... sex="female"
in /var/www/hosts/gigadb.cogini.com/htdocs/protected/views/dataset/view.php (264)
in /var/www/hosts/gigadb.cogini.com/htdocs/protected/controllers/DatasetController.php (195)
in /var/www/hosts/gigadb.cogini.com/htdocs/index.php (13)
2013/12/04 11:35:19 [error] [exception.CHttpException.404] exception 'CHttpException' with message 'Unable to resolve the request "manager/html".' in /var/www/hosts/gigadb.cogini.com/yii-1.1.10/framework/web/CWebApplication.php:280
Stack trace:
#0 /var/www/hosts/gigadb.cogini.com/yii-1.1.10/framework/web/CWebApplication.php(135): CWebApplication->runController('manager/html')
#1 /var/www/hosts/gigadb.cogini.com/yii-1.1.10/framework/base/CApplication.php(162): CWebApplication->processRequest()
#2 /var/www/hosts/gigadb.cogini.com/htdocs/index.php(13): CApplication->run()
#3 {main}
REQUEST_URI=/manager/html
---
2013/12/04 16:04:11 [error] [exception.CHttpException.404] exception 'CHttpException' with message 'Unable to resolve the request "manager/html".' in /var/www/hosts/gigadb.cogini.com/yii-1.1.10/framework/web/CWebApplication.php:280
Stack trace:
#0 /var/www/hosts/gigadb.cogini.com/yii-1.1.10/framework/web/CWebApplication.php(135): CWebApplication->runController('manager/html')
#1 /var/www/hosts/gigadb.cogini.com/yii-1.1.10/framework/base/CApplication.php(162): CWebApplication->processRequest()
#2 /var/www/hosts/gigadb.cogini.com/htdocs/index.php(13): CApplication->run()
#3 {main}
REQUEST_URI=/manager/html
---
2013/12/04 21:44:35 [error] [exception.CHttpException.404] exception 'CHttpException' with message 'Unable to resolve the request "w00tw00t.at.blackhats.romanian.anti-sec:)".' in /var/www/hosts/gigadb.cogini.com/yii-1.1.10/framework/web/CWebApplication.php:280
Stack trace:
#0 /var/www/hosts/gigadb.cogini.com/yii-1.1.10/framework/web/CWebApplication.php(135): CWebApplication->runController('w00tw00t.at.bla...')
#1 /var/www/hosts/gigadb.cogini.com/yii-1.1.10/framework/base/CApplication.php(162): CWebApplication->processRequest()
#2 /var/www/hosts/gigadb.cogini.com/htdocs/index.php(13): CApplication->run()
#3 {main}
REQUEST_URI=/w00tw00t.at.blackhats.romanian.anti-sec:)
---
2013/12/04 21:44:36 [error] [exception.CHttpException.404] exception 'CHttpException' with message 'Unable to resolve the request "phpMyAdmin/scripts/setup.php".' in /var/www/hosts/gigadb.cogini.com/yii-1.1.10/framework/web/CWebApplication.php:280
Stack trace:
#0 /var/www/hosts/gigadb.cogini.com/yii-1.1.10/framework/web/CWebApplication.php(135): CWebApplication->runController('phpMyAdmin/scri...')
#1 /var/www/hosts/gigadb.cogini.com/yii-1.1.10/framework/base/CApplication.php(162): CWebApplication->processRequest()
#2 /var/www/hosts/gigadb.cogini.com/htdocs/index.php(13): CApplication->run()
#3 {main}
REQUEST_URI=/phpMyAdmin/scripts/setup.php
---
2013/12/04 21:44:36 [error] [exception.CHttpException.404] exception 'CHttpException' with message 'Unable to resolve the request "phpmyadmin/scripts/setup.php".' in /var/www/hosts/gigadb.cogini.com/yii-1.1.10/framework/web/CWebApplication.php:280
Stack trace:
#0 /var/www/hosts/gigadb.cogini.com/yii-1.1.10/framework/web/CWebApplication.php(135): CWebApplication->runController('phpmyadmin/scri...')
#1 /var/www/hosts/gigadb.cogini.com/yii-1.1.10/framework/base/CApplication.php(162): CWebApplication->processRequest()
#2 /var/www/hosts/gigadb.cogini.com/htdocs/index.php(13): CApplication->run()
#3 {main}
REQUEST_URI=/phpmyadmin/scripts/setup.php
---
2013/12/04 21:44:37 [error] [exception.CHttpException.404] exception 'CHttpException' with message 'Unable to resolve the request "pma/scripts/setup.php".' in /var/www/hosts/gigadb.cogini.com/yii-1.1.10/framework/web/CWebApplication.php:280
Stack trace:
#0 /var/www/hosts/gigadb.cogini.com/yii-1.1.10/framework/web/CWebApplication.php(135): CWebApplication->runController('pma/scripts/set...')
#1 /var/www/hosts/gigadb.cogini.com/yii-1.1.10/framework/base/CApplication.php(162): CWebApplication->processRequest()
#2 /var/www/hosts/gigadb.cogini.com/htdocs/index.php(13): CApplication->run()
#3 {main}
REQUEST_URI=/pma/scripts/setup.php
---
2013/12/04 21:44:38 [error] [exception.CHttpException.404] exception 'CHttpException' with message 'Unable to resolve the request "myadmin/scripts/setup.php".' in /var/www/hosts/gigadb.cogini.com/yii-1.1.10/framework/web/CWebApplication.php:280
Stack trace:
#0 /var/www/hosts/gigadb.cogini.com/yii-1.1.10/framework/web/CWebApplication.php(135): CWebApplication->runController('myadmin/scripts...')
#1 /var/www/hosts/gigadb.cogini.com/yii-1.1.10/framework/base/CApplication.php(162): CWebApplication->processRequest()
#2 /var/www/hosts/gigadb.cogini.com/htdocs/index.php(13): CApplication->run()
#3 {main}
REQUEST_URI=/myadmin/scripts/setup.php
---
2013/12/04 21:44:38 [error] [exception.CHttpException.404] exception 'CHttpException' with message 'Unable to resolve the request "MyAdmin/scripts/setup.php".' in /var/www/hosts/gigadb.cogini.com/yii-1.1.10/framework/web/CWebApplication.php:280
Stack trace:
#0 /var/www/hosts/gigadb.cogini.com/yii-1.1.10/framework/web/CWebApplication.php(135): CWebApplication->runController('MyAdmin/scripts...')
#1 /var/www/hosts/gigadb.cogini.com/yii-1.1.10/framework/base/CApplication.php(162): CWebApplication->processRequest()
#2 /var/www/hosts/gigadb.cogini.com/htdocs/index.php(13): CApplication->run()
#3 {main}
REQUEST_URI=/MyAdmin/scripts/setup.php
---
2013/12/05 09:05:23 [error] [exception.CHttpException.404] exception 'CHttpException' with message 'Unable to resolve the request "software/autoconf-archive/index.html".' in /var/www/hosts/gigadb.cogini.com/yii-1.1.10/framework/web/CWebApplication.php:280
Stack trace:
#0 /var/www/hosts/gigadb.cogini.com/yii-1.1.10/framework/web/CWebApplication.php(135): CWebApplication->runController('software/autoco...')
#1 /var/www/hosts/gigadb.cogini.com/yii-1.1.10/framework/base/CApplication.php(162): CWebApplication->processRequest()
#2 /var/www/hosts/gigadb.cogini.com/htdocs/index.php(13): CApplication->run()
#3 {main}
REQUEST_URI=http://www.gnu.org:80/software/autoconf-archive/index.html
---
2013/12/05 10:20:17 [error] [exception.CHttpException.404] exception 'CHttpException' with message 'Unable to resolve the request "MyAdmin".' in /var/www/hosts/gigadb.cogini.com/yii-1.1.10/framework/web/CWebApplication.php:280
Stack trace:
#0 /var/www/hosts/gigadb.cogini.com/yii-1.1.10/framework/web/CWebApplication.php(135): CWebApplication->runController('MyAdmin')
#1 /var/www/hosts/gigadb.cogini.com/yii-1.1.10/framework/base/CApplication.php(162): CWebApplication->processRequest()
#2 /var/www/hosts/gigadb.cogini.com/htdocs/index.php(13): CApplication->run()
#3 {main}
REQUEST_URI=/MyAdmin/
---
2013/12/05 10:20:18 [error] [exception.CHttpException.404] exception 'CHttpException' with message 'Unable to resolve the request "PHPMYADMIN".' in /var/www/hosts/gigadb.cogini.com/yii-1.1.10/framework/web/CWebApplication.php:280
Stack trace:
#0 /var/www/hosts/gigadb.cogini.com/yii-1.1.10/framework/web/CWebApplication.php(135): CWebApplication->runController('PHPMYADMIN')
#1 /var/www/hosts/gigadb.cogini.com/yii-1.1.10/framework/base/CApplication.php(162): CWebApplication->processRequest()
#2 /var/www/hosts/gigadb.cogini.com/htdocs/index.php(13): CApplication->run()
#3 {main}
REQUEST_URI=/PHPMYADMIN/
---
2013/12/05 10:20:19 [error] [exception.CHttpException.404] exception 'CHttpException' with message 'Unable to resolve the request "PMA".' in /var/www/hosts/gigadb.cogini.com/yii-1.1.10/framework/web/CWebApplication.php:280
Stack trace:
#0 /var/www/hosts/gigadb.cogini.com/yii-1.1.10/framework/web/CWebApplication.php(135): CWebApplication->runController('PMA')
#1 /var/www/hosts/gigadb.cogini.com/yii-1.1.10/framework/base/CApplication.php(162): CWebApplication->processRequest()
#2 /var/www/hosts/gigadb.cogini.com/htdocs/index.php(13): CApplication->run()
#3 {main}
REQUEST_URI=/PMA/
---
2013/12/05 10:20:19 [error] [exception.CHttpException.404] exception 'CHttpException' with message 'Unable to resolve the request "SQL".' in /var/www/hosts/gigadb.cogini.com/yii-1.1.10/framework/web/CWebApplication.php:280
Stack trace:
#0 /var/www/hosts/gigadb.cogini.com/yii-1.1.10/framework/web/CWebApplication.php(135): CWebApplication->runController('SQL')
#1 /var/www/hosts/gigadb.cogini.com/yii-1.1.10/framework/base/CApplication.php(162): CWebApplication->processRequest()
#2 /var/www/hosts/gigadb.cogini.com/htdocs/index.php(13): CApplication->run()
#3 {main}
REQUEST_URI=/SQL/
---
2013/12/05 10:20:20 [error] [exception.CHttpException.404] exception 'CHttpException' with message 'Unable to resolve the request "db".' in /var/www/hosts/gigadb.cogini.com/yii-1.1.10/framework/web/CWebApplication.php:280
Stack trace:
#0 /var/www/hosts/gigadb.cogini.com/yii-1.1.10/framework/web/CWebApplication.php(135): CWebApplication->runController('db')
#1 /var/www/hosts/gigadb.cogini.com/yii-1.1.10/framework/base/CApplication.php(162): CWebApplication->processRequest()
#2 /var/www/hosts/gigadb.cogini.com/htdocs/index.php(13): CApplication->run()
#3 {main}
REQUEST_URI=/db/
---
2013/12/05 10:20:21 [error] [exception.CHttpException.404] exception 'CHttpException' with message 'Unable to resolve the request "dbadmin".' in /var/www/hosts/gigadb.cogini.com/yii-1.1.10/framework/web/CWebApplication.php:280
Stack trace:
#0 /var/www/hosts/gigadb.cogini.com/yii-1.1.10/framework/web/CWebApplication.php(135): CWebApplication->runController('dbadmin')
#1 /var/www/hosts/gigadb.cogini.com/yii-1.1.10/framework/base/CApplication.php(162): CWebApplication->processRequest()
#2 /var/www/hosts/gigadb.cogini.com/htdocs/index.php(13): CApplication->run()
#3 {main}
REQUEST_URI=/dbadmin/
---
2013/12/05 10:20:22 [error] [exception.CHttpException.404] exception 'CHttpException' with message 'Unable to resolve the request "myadmin".' in /var/www/hosts/gigadb.cogini.com/yii-1.1.10/framework/web/CWebApplication.php:280
Stack trace:
#0 /var/www/hosts/gigadb.cogini.com/yii-1.1.10/framework/web/CWebApplication.php(135): CWebApplication->runController('myadmin')
#1 /var/www/hosts/gigadb.cogini.com/yii-1.1.10/framework/base/CApplication.php(162): CWebApplication->processRequest()
#2 /var/www/hosts/gigadb.cogini.com/htdocs/index.php(13): CApplication->run()
#3 {main}
REQUEST_URI=/myadmin/
---
2013/12/05 10:20:22 [error] [exception.CHttpException.404] exception 'CHttpException' with message 'Unable to resolve the request "mysqladmin".' in /var/www/hosts/gigadb.cogini.com/yii-1.1.10/framework/web/CWebApplication.php:280
Stack trace:
#0 /var/www/hosts/gigadb.cogini.com/yii-1.1.10/framework/web/CWebApplication.php(135): CWebApplication->runController('mysqladmin')
#1 /var/www/hosts/gigadb.cogini.com/yii-1.1.10/framework/base/CApplication.php(162): CWebApplication->processRequest()
#2 /var/www/hosts/gigadb.cogini.com/htdocs/index.php(13): CApplication->run()
#3 {main}
REQUEST_URI=/mysqladmin/
---
2013/12/05 10:20:23 [error] [exception.CHttpException.404] exception 'CHttpException' with message 'Unable to resolve the request "pHpMyAdMiN".' in /var/www/hosts/gigadb.cogini.com/yii-1.1.10/framework/web/CWebApplication.php:280
Stack trace:
#0 /var/www/hosts/gigadb.cogini.com/yii-1.1.10/framework/web/CWebApplication.php(135): CWebApplication->runController('pHpMyAdMiN')
#1 /var/www/hosts/gigadb.cogini.com/yii-1.1.10/framework/base/CApplication.php(162): CWebApplication->processRequest()
#2 /var/www/hosts/gigadb.cogini.com/htdocs/index.php(13): CApplication->run()
#3 {main}
REQUEST_URI=/pHpMyAdMiN/
---
2013/12/05 10:20:24 [error] [exception.CHttpException.404] exception 'CHttpException' with message 'Unable to resolve the request "pMA".' in /var/www/hosts/gigadb.cogini.com/yii-1.1.10/framework/web/CWebApplication.php:280
Stack trace:
#0 /var/www/hosts/gigadb.cogini.com/yii-1.1.10/framework/web/CWebApplication.php(135): CWebApplication->runController('pMA')
#1 /var/www/hosts/gigadb.cogini.com/yii-1.1.10/framework/base/CApplication.php(162): CWebApplication->processRequest()
#2 /var/www/hosts/gigadb.cogini.com/htdocs/index.php(13): CApplication->run()
#3 {main}
REQUEST_URI=/pMA/
---
2013/12/05 10:20:24 [error] [exception.CHttpException.404] exception 'CHttpException' with message 'Unable to resolve the request "phpAdmin".' in /var/www/hosts/gigadb.cogini.com/yii-1.1.10/framework/web/CWebApplication.php:280
Stack trace:
#0 /var/www/hosts/gigadb.cogini.com/yii-1.1.10/framework/web/CWebApplication.php(135): CWebApplication->runController('phpAdmin')
#1 /var/www/hosts/gigadb.cogini.com/yii-1.1.10/framework/base/CApplication.php(162): CWebApplication->processRequest()
#2 /var/www/hosts/gigadb.cogini.com/htdocs/index.php(13): CApplication->run()
#3 {main}
REQUEST_URI=/phpAdmin/
---
2013/12/05 10:20:25 [error] [exception.CHttpException.404] exception 'CHttpException' with message 'Unable to resolve the request "phpMyAdmin".' in /var/www/hosts/gigadb.cogini.com/yii-1.1.10/framework/web/CWebApplication.php:280
Stack trace:
#0 /var/www/hosts/gigadb.cogini.com/yii-1.1.10/framework/web/CWebApplication.php(135): CWebApplication->runController('phpMyAdmin')
#1 /var/www/hosts/gigadb.cogini.com/yii-1.1.10/framework/base/CApplication.php(162): CWebApplication->processRequest()
#2 /var/www/hosts/gigadb.cogini.com/htdocs/index.php(13): CApplication->run()
#3 {main}
REQUEST_URI=/phpMyAdmin/
---
2013/12/05 10:20:27 [error] [exception.CHttpException.404] exception 'CHttpException' with message 'Unable to resolve the request "phpmyadmin".' in /var/www/hosts/gigadb.cogini.com/yii-1.1.10/framework/web/CWebApplication.php:280
Stack trace:
#0 /var/www/hosts/gigadb.cogini.com/yii-1.1.10/framework/web/CWebApplication.php(135): CWebApplication->runController('phpmyadmin')
#1 /var/www/hosts/gigadb.cogini.com/yii-1.1.10/framework/base/CApplication.php(162): CWebApplication->processRequest()
#2 /var/www/hosts/gigadb.cogini.com/htdocs/index.php(13): CApplication->run()
#3 {main}
REQUEST_URI=/phpmyadmin/
---
2013/12/05 10:20:28 [error] [exception.CHttpException.404] exception 'CHttpException' with message 'Unable to resolve the request "pma".' in /var/www/hosts/gigadb.cogini.com/yii-1.1.10/framework/web/CWebApplication.php:280
Stack trace:
#0 /var/www/hosts/gigadb.cogini.com/yii-1.1.10/framework/web/CWebApplication.php(135): CWebApplication->runController('pma')
#1 /var/www/hosts/gigadb.cogini.com/yii-1.1.10/framework/base/CApplication.php(162): CWebApplication->processRequest()
#2 /var/www/hosts/gigadb.cogini.com/htdocs/index.php(13): CApplication->run()
#3 {main}
REQUEST_URI=/pma/
---
2013/12/05 10:20:28 [error] [exception.CHttpException.404] exception 'CHttpException' with message 'Unable to resolve the request "sql".' in /var/www/hosts/gigadb.cogini.com/yii-1.1.10/framework/web/CWebApplication.php:280
Stack trace:
#0 /var/www/hosts/gigadb.cogini.com/yii-1.1.10/framework/web/CWebApplication.php(135): CWebApplication->runController('sql')
#1 /var/www/hosts/gigadb.cogini.com/yii-1.1.10/framework/base/CApplication.php(162): CWebApplication->processRequest()
#2 /var/www/hosts/gigadb.cogini.com/htdocs/index.php(13): CApplication->run()
#3 {main}
REQUEST_URI=/sql/
---
2013/12/05 10:20:29 [error] [exception.CHttpException.404] exception 'CHttpException' with message 'Unable to resolve the request "mysql".' in /var/www/hosts/gigadb.cogini.com/yii-1.1.10/framework/web/CWebApplication.php:280
Stack trace:
#0 /var/www/hosts/gigadb.cogini.com/yii-1.1.10/framework/web/CWebApplication.php(135): CWebApplication->runController('mysql')
#1 /var/www/hosts/gigadb.cogini.com/yii-1.1.10/framework/base/CApplication.php(162): CWebApplication->processRequest()
#2 /var/www/hosts/gigadb.cogini.com/htdocs/index.php(13): CApplication->run()
#3 {main}
REQUEST_URI=/mysql/
---
2013/12/05 10:20:30 [error] [exception.CHttpException.404] exception 'CHttpException' with message 'Unable to resolve the request "mysqladmin".' in /var/www/hosts/gigadb.cogini.com/yii-1.1.10/framework/web/CWebApplication.php:280
Stack trace:
#0 /var/www/hosts/gigadb.cogini.com/yii-1.1.10/framework/web/CWebApplication.php(135): CWebApplication->runController('mysqladmin')
#1 /var/www/hosts/gigadb.cogini.com/yii-1.1.10/framework/base/CApplication.php(162): CWebApplication->processRequest()
#2 /var/www/hosts/gigadb.cogini.com/htdocs/index.php(13): CApplication->run()
#3 {main}
REQUEST_URI=/mysqladmin/
---
2013/12/05 10:20:30 [error] [exception.CHttpException.404] exception 'CHttpException' with message 'Unable to resolve the request "MySQLAdmin".' in /var/www/hosts/gigadb.cogini.com/yii-1.1.10/framework/web/CWebApplication.php:280
Stack trace:
#0 /var/www/hosts/gigadb.cogini.com/yii-1.1.10/framework/web/CWebApplication.php(135): CWebApplication->runController('MySQLAdmin')
#1 /var/www/hosts/gigadb.cogini.com/yii-1.1.10/framework/base/CApplication.php(162): CWebApplication->processRequest()
#2 /var/www/hosts/gigadb.cogini.com/htdocs/index.php(13): CApplication->run()
#3 {main}
REQUEST_URI=/MySQLAdmin/
---
2013/12/05 14:25:38 [error] [exception.CHttpException.404] exception 'CHttpException' with message 'Unable to resolve the request "manager/html".' in /var/www/hosts/gigadb.cogini.com/yii-1.1.10/framework/web/CWebApplication.php:280
Stack trace:
#0 /var/www/hosts/gigadb.cogini.com/yii-1.1.10/framework/web/CWebApplication.php(135): CWebApplication->runController('manager/html')
#1 /var/www/hosts/gigadb.cogini.com/yii-1.1.10/framework/base/CApplication.php(162): CWebApplication->processRequest()
#2 /var/www/hosts/gigadb.cogini.com/htdocs/index.php(13): CApplication->run()
#3 {main}
REQUEST_URI=/manager/html
---
2013/12/05 17:11:23 [error] [exception.CHttpException.404] exception 'CHttpException' with message 'Unable to resolve the request "HNAP1".' in /var/www/hosts/gigadb.cogini.com/yii-1.1.10/framework/web/CWebApplication.php:280
Stack trace:
#0 /var/www/hosts/gigadb.cogini.com/yii-1.1.10/framework/web/CWebApplication.php(135): CWebApplication->runController('HNAP1')
#1 /var/www/hosts/gigadb.cogini.com/yii-1.1.10/framework/base/CApplication.php(162): CWebApplication->processRequest()
#2 /var/www/hosts/gigadb.cogini.com/htdocs/index.php(13): CApplication->run()
#3 {main}
REQUEST_URI=/HNAP1/
HTTP_REFERER=http://118.143.232.126/
---
2013/12/06 07:40:03 [error] [exception.CHttpException.404] exception 'CHttpException' with message 'Unable to resolve the request "w00tw00t.at.blackhats.romanian.anti-sec:)".' in /var/www/hosts/gigadb.cogini.com/yii-1.1.10/framework/web/CWebApplication.php:280
Stack trace:
#0 /var/www/hosts/gigadb.cogini.com/yii-1.1.10/framework/web/CWebApplication.php(135): CWebApplication->runController('w00tw00t.at.bla...')
#1 /var/www/hosts/gigadb.cogini.com/yii-1.1.10/framework/base/CApplication.php(162): CWebApplication->processRequest()
#2 /var/www/hosts/gigadb.cogini.com/htdocs/index.php(13): CApplication->run()
#3 {main}
REQUEST_URI=/w00tw00t.at.blackhats.romanian.anti-sec:)
---
2013/12/06 07:40:03 [error] [exception.CHttpException.404] exception 'CHttpException' with message 'Unable to resolve the request "phpMyAdmin/scripts/setup.php".' in /var/www/hosts/gigadb.cogini.com/yii-1.1.10/framework/web/CWebApplication.php:280
Stack trace:
#0 /var/www/hosts/gigadb.cogini.com/yii-1.1.10/framework/web/CWebApplication.php(135): CWebApplication->runController('phpMyAdmin/scri...')
#1 /var/www/hosts/gigadb.cogini.com/yii-1.1.10/framework/base/CApplication.php(162): CWebApplication->processRequest()
#2 /var/www/hosts/gigadb.cogini.com/htdocs/index.php(13): CApplication->run()
#3 {main}
REQUEST_URI=/phpMyAdmin/scripts/setup.php
---
2013/12/06 07:40:04 [error] [exception.CHttpException.404] exception 'CHttpException' with message 'Unable to resolve the request "phpmyadmin/scripts/setup.php".' in /var/www/hosts/gigadb.cogini.com/yii-1.1.10/framework/web/CWebApplication.php:280
Stack trace:
#0 /var/www/hosts/gigadb.cogini.com/yii-1.1.10/framework/web/CWebApplication.php(135): CWebApplication->runController('phpmyadmin/scri...')
#1 /var/www/hosts/gigadb.cogini.com/yii-1.1.10/framework/base/CApplication.php(162): CWebApplication->processRequest()
#2 /var/www/hosts/gigadb.cogini.com/htdocs/index.php(13): CApplication->run()
#3 {main}
REQUEST_URI=/phpmyadmin/scripts/setup.php
---
2013/12/06 07:40:05 [error] [exception.CHttpException.404] exception 'CHttpException' with message 'Unable to resolve the request "pma/scripts/setup.php".' in /var/www/hosts/gigadb.cogini.com/yii-1.1.10/framework/web/CWebApplication.php:280
Stack trace:
#0 /var/www/hosts/gigadb.cogini.com/yii-1.1.10/framework/web/CWebApplication.php(135): CWebApplication->runController('pma/scripts/set...')
#1 /var/www/hosts/gigadb.cogini.com/yii-1.1.10/framework/base/CApplication.php(162): CWebApplication->processRequest()
#2 /var/www/hosts/gigadb.cogini.com/htdocs/index.php(13): CApplication->run()
#3 {main}
REQUEST_URI=/pma/scripts/setup.php
---
2013/12/06 07:40:05 [error] [exception.CHttpException.404] exception 'CHttpException' with message 'Unable to resolve the request "myadmin/scripts/setup.php".' in /var/www/hosts/gigadb.cogini.com/yii-1.1.10/framework/web/CWebApplication.php:280
Stack trace:
#0 /var/www/hosts/gigadb.cogini.com/yii-1.1.10/framework/web/CWebApplication.php(135): CWebApplication->runController('myadmin/scripts...')
#1 /var/www/hosts/gigadb.cogini.com/yii-1.1.10/framework/base/CApplication.php(162): CWebApplication->processRequest()
#2 /var/www/hosts/gigadb.cogini.com/htdocs/index.php(13): CApplication->run()
#3 {main}
REQUEST_URI=/myadmin/scripts/setup.php
---
2013/12/06 07:40:06 [error] [exception.CHttpException.404] exception 'CHttpException' with message 'Unable to resolve the request "MyAdmin/scripts/setup.php".' in /var/www/hosts/gigadb.cogini.com/yii-1.1.10/framework/web/CWebApplication.php:280
Stack trace:
#0 /var/www/hosts/gigadb.cogini.com/yii-1.1.10/framework/web/CWebApplication.php(135): CWebApplication->runController('MyAdmin/scripts...')
#1 /var/www/hosts/gigadb.cogini.com/yii-1.1.10/framework/base/CApplication.php(162): CWebApplication->processRequest()
#2 /var/www/hosts/gigadb.cogini.com/htdocs/index.php(13): CApplication->run()
#3 {main}
REQUEST_URI=/MyAdmin/scripts/setup.php
---
2013/12/06 09:05:23 [error] [exception.CHttpException.404] exception 'CHttpException' with message 'Unable to resolve the request "software/autoconf-archive/index.html".' in /var/www/hosts/gigadb.cogini.com/yii-1.1.10/framework/web/CWebApplication.php:280
Stack trace:
#0 /var/www/hosts/gigadb.cogini.com/yii-1.1.10/framework/web/CWebApplication.php(135): CWebApplication->runController('software/autoco...')
#1 /var/www/hosts/gigadb.cogini.com/yii-1.1.10/framework/base/CApplication.php(162): CWebApplication->processRequest()
#2 /var/www/hosts/gigadb.cogini.com/htdocs/index.php(13): CApplication->run()
#3 {main}
REQUEST_URI=http://www.gnu.org:80/software/autoconf-archive/index.html
---
2013/12/06 09:14:44 [error] [exception.CHttpException.404] exception 'CHttpException' with message 'Unable to resolve the request "muieblackcat".' in /var/www/hosts/gigadb.cogini.com/yii-1.1.10/framework/web/CWebApplication.php:280
Stack trace:
#0 /var/www/hosts/gigadb.cogini.com/yii-1.1.10/framework/web/CWebApplication.php(135): CWebApplication->runController('muieblackcat')
#1 /var/www/hosts/gigadb.cogini.com/yii-1.1.10/framework/base/CApplication.php(162): CWebApplication->processRequest()
#2 /var/www/hosts/gigadb.cogini.com/htdocs/index.php(13): CApplication->run()
#3 {main}
REQUEST_URI=/muieblackcat
---
2013/12/06 09:14:49 [error] [exception.CHttpException.404] exception 'CHttpException' with message 'Unable to resolve the request "phpmyadmin/scripts/setup.php".' in /var/www/hosts/gigadb.cogini.com/yii-1.1.10/framework/web/CWebApplication.php:280
Stack trace:
#0 /var/www/hosts/gigadb.cogini.com/yii-1.1.10/framework/web/CWebApplication.php(135): CWebApplication->runController('phpmyadmin/scri...')
#1 /var/www/hosts/gigadb.cogini.com/yii-1.1.10/framework/base/CApplication.php(162): CWebApplication->processRequest()
#2 /var/www/hosts/gigadb.cogini.com/htdocs/index.php(13): CApplication->run()
#3 {main}
REQUEST_URI=//phpmyadmin/scripts/setup.php
---
2013/12/06 14:39:34 [error] [exception.CHttpException.404] exception 'CHttpException' with message 'Unable to resolve the request "cgi/maker/ptcmd.cgi".' in /var/www/hosts/gigadb.cogini.com/yii-1.1.10/framework/web/CWebApplication.php:280
Stack trace:
#0 /var/www/hosts/gigadb.cogini.com/yii-1.1.10/framework/web/CWebApplication.php(135): CWebApplication->runController('cgi/maker/ptcmd...')
#1 /var/www/hosts/gigadb.cogini.com/yii-1.1.10/framework/base/CApplication.php(162): CWebApplication->processRequest()
#2 /var/www/hosts/gigadb.cogini.com/htdocs/index.php(13): CApplication->run()
#3 {main}
REQUEST_URI=/cgi/maker/ptcmd.cgi?cmd=;ifconfig
---
2013/12/06 14:39:38 [error] [exception.CHttpException.404] exception 'CHttpException' with message 'Unable to resolve the request "oidtable.cgi".' in /var/www/hosts/gigadb.cogini.com/yii-1.1.10/framework/web/CWebApplication.php:280
Stack trace:
#0 /var/www/hosts/gigadb.cogini.com/yii-1.1.10/framework/web/CWebApplication.php(135): CWebApplication->runController('oidtable.cgi')
#1 /var/www/hosts/gigadb.cogini.com/yii-1.1.10/framework/base/CApplication.php(162): CWebApplication->processRequest()
#2 /var/www/hosts/gigadb.cogini.com/htdocs/index.php(13): CApplication->run()
#3 {main}
REQUEST_URI=/oidtable.cgi?grep='$IFS/etc/privpasswd;'
---
2013/12/06 15:19:12 [error] [exception.CHttpException.404] exception 'CHttpException' with message 'Unable to resolve the request "manager/html".' in /var/www/hosts/gigadb.cogini.com/yii-1.1.10/framework/web/CWebApplication.php:280
Stack trace:
#0 /var/www/hosts/gigadb.cogini.com/yii-1.1.10/framework/web/CWebApplication.php(135): CWebApplication->runController('manager/html')
#1 /var/www/hosts/gigadb.cogini.com/yii-1.1.10/framework/base/CApplication.php(162): CWebApplication->processRequest()
#2 /var/www/hosts/gigadb.cogini.com/htdocs/index.php(13): CApplication->run()
#3 {main}
REQUEST_URI=/manager/html
---
2013/12/06 22:34:35 [error] [exception.CHttpException.404] exception 'CHttpException' with message 'Unable to resolve the request "cgi/maker/ptcmd.cgi".' in /var/www/hosts/gigadb.cogini.com/yii-1.1.10/framework/web/CWebApplication.php:280
Stack trace:
#0 /var/www/hosts/gigadb.cogini.com/yii-1.1.10/framework/web/CWebApplication.php(135): CWebApplication->runController('cgi/maker/ptcmd...')
#1 /var/www/hosts/gigadb.cogini.com/yii-1.1.10/framework/base/CApplication.php(162): CWebApplication->processRequest()
#2 /var/www/hosts/gigadb.cogini.com/htdocs/index.php(13): CApplication->run()
#3 {main}
REQUEST_URI=/cgi/maker/ptcmd.cgi?cmd=;ifconfig
---
2013/12/06 22:34:40 [error] [exception.CHttpException.404] exception 'CHttpException' with message 'Unable to resolve the request "oidtable.cgi".' in /var/www/hosts/gigadb.cogini.com/yii-1.1.10/framework/web/CWebApplication.php:280
Stack trace:
#0 /var/www/hosts/gigadb.cogini.com/yii-1.1.10/framework/web/CWebApplication.php(135): CWebApplication->runController('oidtable.cgi')
#1 /var/www/hosts/gigadb.cogini.com/yii-1.1.10/framework/base/CApplication.php(162): CWebApplication->processRequest()
#2 /var/www/hosts/gigadb.cogini.com/htdocs/index.php(13): CApplication->run()
#3 {main}
REQUEST_URI=/oidtable.cgi?grep='$IFS/etc/privpasswd;'
---
2013/12/07 01:23:45 [error] [exception.CHttpException.404] exception 'CHttpException' with message 'Unable to resolve the request "HNAP1".' in /var/www/hosts/gigadb.cogini.com/yii-1.1.10/framework/web/CWebApplication.php:280
Stack trace:
#0 /var/www/hosts/gigadb.cogini.com/yii-1.1.10/framework/web/CWebApplication.php(135): CWebApplication->runController('HNAP1')
#1 /var/www/hosts/gigadb.cogini.com/yii-1.1.10/framework/base/CApplication.php(162): CWebApplication->processRequest()
#2 /var/www/hosts/gigadb.cogini.com/htdocs/index.php(13): CApplication->run()
#3 {main}
REQUEST_URI=/HNAP1/
HTTP_REFERER=http://118.143.232.126/
---
2013/12/07 09:05:20 [error] [exception.CHttpException.404] exception 'CHttpException' with message 'Unable to resolve the request "software/autoconf-archive/index.html".' in /var/www/hosts/gigadb.cogini.com/yii-1.1.10/framework/web/CWebApplication.php:280
Stack trace:
#0 /var/www/hosts/gigadb.cogini.com/yii-1.1.10/framework/web/CWebApplication.php(135): CWebApplication->runController('software/autoco...')
#1 /var/www/hosts/gigadb.cogini.com/yii-1.1.10/framework/base/CApplication.php(162): CWebApplication->processRequest()
#2 /var/www/hosts/gigadb.cogini.com/htdocs/index.php(13): CApplication->run()
#3 {main}
REQUEST_URI=http://www.gnu.org:80/software/autoconf-archive/index.html
---
2013/12/07 11:19:07 [error] [exception.CHttpException.404] exception 'CHttpException' with message 'Unable to resolve the request "HNAP1".' in /var/www/hosts/gigadb.cogini.com/yii-1.1.10/framework/web/CWebApplication.php:280
Stack trace:
#0 /var/www/hosts/gigadb.cogini.com/yii-1.1.10/framework/web/CWebApplication.php(135): CWebApplication->runController('HNAP1')
#1 /var/www/hosts/gigadb.cogini.com/yii-1.1.10/framework/base/CApplication.php(162): CWebApplication->processRequest()
#2 /var/www/hosts/gigadb.cogini.com/htdocs/index.php(13): CApplication->run()
#3 {main}
REQUEST_URI=/HNAP1/
HTTP_REFERER=http://118.143.232.126/
---
2013/12/08 01:18:31 [error] [exception.CHttpException.404] exception 'CHttpException' with message 'Unable to resolve the request "manager/html".' in /var/www/hosts/gigadb.cogini.com/yii-1.1.10/framework/web/CWebApplication.php:280
Stack trace:
#0 /var/www/hosts/gigadb.cogini.com/yii-1.1.10/framework/web/CWebApplication.php(135): CWebApplication->runController('manager/html')
#1 /var/www/hosts/gigadb.cogini.com/yii-1.1.10/framework/base/CApplication.php(162): CWebApplication->processRequest()
#2 /var/www/hosts/gigadb.cogini.com/htdocs/index.php(13): CApplication->run()
#3 {main}
REQUEST_URI=/manager/html
---
2013/12/08 09:05:27 [error] [exception.CHttpException.404] exception 'CHttpException' with message 'Unable to resolve the request "software/autoconf-archive/index.html".' in /var/www/hosts/gigadb.cogini.com/yii-1.1.10/framework/web/CWebApplication.php:280
Stack trace:
#0 /var/www/hosts/gigadb.cogini.com/yii-1.1.10/framework/web/CWebApplication.php(135): CWebApplication->runController('software/autoco...')
#1 /var/www/hosts/gigadb.cogini.com/yii-1.1.10/framework/base/CApplication.php(162): CWebApplication->processRequest()
#2 /var/www/hosts/gigadb.cogini.com/htdocs/index.php(13): CApplication->run()
#3 {main}
REQUEST_URI=http://www.gnu.org:80/software/autoconf-archive/index.html
---
2013/12/08 14:47:50 [error] [exception.CHttpException.404] exception 'CHttpException' with message 'Unable to resolve the request "assets/36091b3c/js/bootstrap.min.js".' in /var/www/hosts/gigadb.cogini.com/yii-1.1.10/framework/web/CWebApplication.php:280
Stack trace:
#0 /var/www/hosts/gigadb.cogini.com/yii-1.1.10/framework/web/CWebApplication.php(135): CWebApplication->runController('assets/36091b3c...')
#1 /var/www/hosts/gigadb.cogini.com/yii-1.1.10/framework/base/CApplication.php(162): CWebApplication->processRequest()
#2 /var/www/hosts/gigadb.cogini.com/htdocs/index.php(13): CApplication->run()
#3 {main}
REQUEST_URI=/assets/36091b3c/js/bootstrap.min.js
HTTP_REFERER=http://192.168.171.46/user/view_profile
---
2013/12/08 14:47:50 [error] [exception.CHttpException.404] exception 'CHttpException' with message 'Unable to resolve the request "assets/e18ec003/jquery.js".' in /var/www/hosts/gigadb.cogini.com/yii-1.1.10/framework/web/CWebApplication.php:280
Stack trace:
#0 /var/www/hosts/gigadb.cogini.com/yii-1.1.10/framework/web/CWebApplication.php(135): CWebApplication->runController('assets/e18ec003...')
#1 /var/www/hosts/gigadb.cogini.com/yii-1.1.10/framework/base/CApplication.php(162): CWebApplication->processRequest()
#2 /var/www/hosts/gigadb.cogini.com/htdocs/index.php(13): CApplication->run()
#3 {main}
REQUEST_URI=/assets/e18ec003/jquery.js
HTTP_REFERER=http://192.168.171.46/user/view_profile
---
2013/12/08 14:47:50 [error] [exception.CHttpException.404] exception 'CHttpException' with message 'Unable to resolve the request "assets/34fb8a78/gridview/delete.png".' in /var/www/hosts/gigadb.cogini.com/yii-1.1.10/framework/web/CWebApplication.php:280
Stack trace:
#0 /var/www/hosts/gigadb.cogini.com/yii-1.1.10/framework/web/CWebApplication.php(135): CWebApplication->runController('assets/34fb8a78...')
#1 /var/www/hosts/gigadb.cogini.com/yii-1.1.10/framework/base/CApplication.php(162): CWebApplication->processRequest()
#2 /var/www/hosts/gigadb.cogini.com/htdocs/index.php(13): CApplication->run()
#3 {main}
REQUEST_URI=/assets/34fb8a78/gridview/delete.png
HTTP_REFERER=http://192.168.171.46/user/view_profile
---
2013/12/08 14:47:50 [error] [exception.CHttpException.404] exception 'CHttpException' with message 'Unable to resolve the request "assets/34fb8a78/gridview/update.png".' in /var/www/hosts/gigadb.cogini.com/yii-1.1.10/framework/web/CWebApplication.php:280
Stack trace:
#0 /var/www/hosts/gigadb.cogini.com/yii-1.1.10/framework/web/CWebApplication.php(135): CWebApplication->runController('assets/34fb8a78...')
#1 /var/www/hosts/gigadb.cogini.com/yii-1.1.10/framework/base/CApplication.php(162): CWebApplication->processRequest()
#2 /var/www/hosts/gigadb.cogini.com/htdocs/index.php(13): CApplication->run()
#3 {main}
REQUEST_URI=/assets/34fb8a78/gridview/update.png
HTTP_REFERER=http://192.168.171.46/user/view_profile
---
2013/12/08 14:47:50 [error] [exception.CHttpException.404] exception 'CHttpException' with message 'Unable to resolve the request "assets/e18ec003/jquery.ba-bbq.js".' in /var/www/hosts/gigadb.cogini.com/yii-1.1.10/framework/web/CWebApplication.php:280
Stack trace:
#0 /var/www/hosts/gigadb.cogini.com/yii-1.1.10/framework/web/CWebApplication.php(135): CWebApplication->runController('assets/e18ec003...')
#1 /var/www/hosts/gigadb.cogini.com/yii-1.1.10/framework/base/CApplication.php(162): CWebApplication->processRequest()
#2 /var/www/hosts/gigadb.cogini.com/htdocs/index.php(13): CApplication->run()
#3 {main}
REQUEST_URI=/assets/e18ec003/jquery.ba-bbq.js
HTTP_REFERER=http://192.168.171.46/user/view_profile
---
2013/12/08 14:47:51 [error] [exception.CHttpException.404] exception 'CHttpException' with message 'Unable to resolve the request "assets/34fb8a78/gridview/delete.png".' in /var/www/hosts/gigadb.cogini.com/yii-1.1.10/framework/web/CWebApplication.php:280
Stack trace:
#0 /var/www/hosts/gigadb.cogini.com/yii-1.1.10/framework/web/CWebApplication.php(135): CWebApplication->runController('assets/34fb8a78...')
#1 /var/www/hosts/gigadb.cogini.com/yii-1.1.10/framework/base/CApplication.php(162): CWebApplication->processRequest()
#2 /var/www/hosts/gigadb.cogini.com/htdocs/index.php(13): CApplication->run()
#3 {main}
REQUEST_URI=/assets/34fb8a78/gridview/delete.png
HTTP_REFERER=http://192.168.171.46/user/view_profile
---
2013/12/08 14:47:51 [error] [exception.CHttpException.404] exception 'CHttpException' with message 'Unable to resolve the request "assets/34fb8a78/gridview/update.png".' in /var/www/hosts/gigadb.cogini.com/yii-1.1.10/framework/web/CWebApplication.php:280
Stack trace:
#0 /var/www/hosts/gigadb.cogini.com/yii-1.1.10/framework/web/CWebApplication.php(135): CWebApplication->runController('assets/34fb8a78...')
#1 /var/www/hosts/gigadb.cogini.com/yii-1.1.10/framework/base/CApplication.php(162): CWebApplication->processRequest()
#2 /var/www/hosts/gigadb.cogini.com/htdocs/index.php(13): CApplication->run()
#3 {main}
REQUEST_URI=/assets/34fb8a78/gridview/update.png
HTTP_REFERER=http://192.168.171.46/user/view_profile
---
2013/12/08 17:30:35 [error] [exception.CHttpException.404] exception 'CHttpException' with message 'Unable to resolve the request "HNAP1".' in /var/www/hosts/gigadb.cogini.com/yii-1.1.10/framework/web/CWebApplication.php:280
Stack trace:
#0 /var/www/hosts/gigadb.cogini.com/yii-1.1.10/framework/web/CWebApplication.php(135): CWebApplication->runController('HNAP1')
#1 /var/www/hosts/gigadb.cogini.com/yii-1.1.10/framework/base/CApplication.php(162): CWebApplication->processRequest()
#2 /var/www/hosts/gigadb.cogini.com/htdocs/index.php(13): CApplication->run()
#3 {main}
REQUEST_URI=/HNAP1/
HTTP_REFERER=http://118.143.232.126/
---
2013/12/08 18:58:20 [error] [exception.CHttpException.404] exception 'CHttpException' with message 'Unable to resolve the request "HNAP1".' in /var/www/hosts/gigadb.cogini.com/yii-1.1.10/framework/web/CWebApplication.php:280
Stack trace:
#0 /var/www/hosts/gigadb.cogini.com/yii-1.1.10/framework/web/CWebApplication.php(135): CWebApplication->runController('HNAP1')
#1 /var/www/hosts/gigadb.cogini.com/yii-1.1.10/framework/base/CApplication.php(162): CWebApplication->processRequest()
#2 /var/www/hosts/gigadb.cogini.com/htdocs/index.php(13): CApplication->run()
#3 {main}
REQUEST_URI=/HNAP1/
HTTP_REFERER=http://118.143.232.126/
---
2013/12/08 23:56:31 [error] [exception.CHttpException.404] exception 'CHttpException' with message 'Unable to resolve the request "HNAP1".' in /var/www/hosts/gigadb.cogini.com/yii-1.1.10/framework/web/CWebApplication.php:280
Stack trace:
#0 /var/www/hosts/gigadb.cogini.com/yii-1.1.10/framework/web/CWebApplication.php(135): CWebApplication->runController('HNAP1')
#1 /var/www/hosts/gigadb.cogini.com/yii-1.1.10/framework/base/CApplication.php(162): CWebApplication->processRequest()
#2 /var/www/hosts/gigadb.cogini.com/htdocs/index.php(13): CApplication->run()
#3 {main}
REQUEST_URI=/HNAP1/
HTTP_REFERER=http://118.143.232.126/
---
2013/12/09 09:05:25 [error] [exception.CHttpException.404] exception 'CHttpException' with message 'Unable to resolve the request "software/autoconf-archive/index.html".' in /var/www/hosts/gigadb.cogini.com/yii-1.1.10/framework/web/CWebApplication.php:280
Stack trace:
#0 /var/www/hosts/gigadb.cogini.com/yii-1.1.10/framework/web/CWebApplication.php(135): CWebApplication->runController('software/autoco...')
#1 /var/www/hosts/gigadb.cogini.com/yii-1.1.10/framework/base/CApplication.php(162): CWebApplication->processRequest()
#2 /var/www/hosts/gigadb.cogini.com/htdocs/index.php(13): CApplication->run()
#3 {main}
REQUEST_URI=http://www.gnu.org:80/software/autoconf-archive/index.html
---
2013/12/09 11:06:45 [error] [exception.CHttpException.404] exception 'CHttpException' with message 'Unable to resolve the request "assets/e18ec003/jquery.js".' in /var/www/hosts/gigadb.cogini.com/yii-1.1.10/framework/web/CWebApplication.php:280
Stack trace:
#0 /var/www/hosts/gigadb.cogini.com/yii-1.1.10/framework/web/CWebApplication.php(135): CWebApplication->runController('assets/e18ec003...')
#1 /var/www/hosts/gigadb.cogini.com/yii-1.1.10/framework/base/CApplication.php(162): CWebApplication->processRequest()
#2 /var/www/hosts/gigadb.cogini.com/htdocs/index.php(13): CApplication->run()
#3 {main}
REQUEST_URI=/assets/e18ec003/jquery.js
HTTP_REFERER=http://192.168.171.46/user/view_profile
---
2013/12/09 11:06:45 [error] [exception.CHttpException.404] exception 'CHttpException' with message 'Unable to resolve the request "assets/e18ec003/jquery.ba-bbq.js".' in /var/www/hosts/gigadb.cogini.com/yii-1.1.10/framework/web/CWebApplication.php:280
Stack trace:
#0 /var/www/hosts/gigadb.cogini.com/yii-1.1.10/framework/web/CWebApplication.php(135): CWebApplication->runController('assets/e18ec003...')
#1 /var/www/hosts/gigadb.cogini.com/yii-1.1.10/framework/base/CApplication.php(162): CWebApplication->processRequest()
#2 /var/www/hosts/gigadb.cogini.com/htdocs/index.php(13): CApplication->run()
#3 {main}
REQUEST_URI=/assets/e18ec003/jquery.ba-bbq.js
HTTP_REFERER=http://192.168.171.46/user/view_profile
---
2013/12/09 11:06:45 [error] [exception.CHttpException.404] exception 'CHttpException' with message 'Unable to resolve the request "assets/36091b3c/js/bootstrap.min.js".' in /var/www/hosts/gigadb.cogini.com/yii-1.1.10/framework/web/CWebApplication.php:280
Stack trace:
#0 /var/www/hosts/gigadb.cogini.com/yii-1.1.10/framework/web/CWebApplication.php(135): CWebApplication->runController('assets/36091b3c...')
#1 /var/www/hosts/gigadb.cogini.com/yii-1.1.10/framework/base/CApplication.php(162): CWebApplication->processRequest()
#2 /var/www/hosts/gigadb.cogini.com/htdocs/index.php(13): CApplication->run()
#3 {main}
REQUEST_URI=/assets/36091b3c/js/bootstrap.min.js
HTTP_REFERER=http://192.168.171.46/user/view_profile
---
2013/12/09 11:06:45 [error] [exception.CHttpException.404] exception 'CHttpException' with message 'Unable to resolve the request "assets/34fb8a78/gridview/update.png".' in /var/www/hosts/gigadb.cogini.com/yii-1.1.10/framework/web/CWebApplication.php:280
Stack trace:
#0 /var/www/hosts/gigadb.cogini.com/yii-1.1.10/framework/web/CWebApplication.php(135): CWebApplication->runController('assets/34fb8a78...')
#1 /var/www/hosts/gigadb.cogini.com/yii-1.1.10/framework/base/CApplication.php(162): CWebApplication->processRequest()
#2 /var/www/hosts/gigadb.cogini.com/htdocs/index.php(13): CApplication->run()
#3 {main}
REQUEST_URI=/assets/34fb8a78/gridview/update.png
HTTP_REFERER=http://192.168.171.46/user/view_profile
---
2013/12/09 11:06:45 [error] [exception.CHttpException.404] exception 'CHttpException' with message 'Unable to resolve the request "assets/34fb8a78/gridview/delete.png".' in /var/www/hosts/gigadb.cogini.com/yii-1.1.10/framework/web/CWebApplication.php:280
Stack trace:
#0 /var/www/hosts/gigadb.cogini.com/yii-1.1.10/framework/web/CWebApplication.php(135): CWebApplication->runController('assets/34fb8a78...')
#1 /var/www/hosts/gigadb.cogini.com/yii-1.1.10/framework/base/CApplication.php(162): CWebApplication->processRequest()
#2 /var/www/hosts/gigadb.cogini.com/htdocs/index.php(13): CApplication->run()
#3 {main}
REQUEST_URI=/assets/34fb8a78/gridview/delete.png
HTTP_REFERER=http://192.168.171.46/user/view_profile
---
2013/12/09 13:39:59 [error] [exception.CHttpException.404] exception 'CHttpException' with message 'Unable to resolve the request "assets/e18ec003/jquery.js".' in /var/www/hosts/gigadb.cogini.com/yii-1.1.10/framework/web/CWebApplication.php:280
Stack trace:
#0 /var/www/hosts/gigadb.cogini.com/yii-1.1.10/framework/web/CWebApplication.php(135): CWebApplication->runController('assets/e18ec003...')
#1 /var/www/hosts/gigadb.cogini.com/yii-1.1.10/framework/base/CApplication.php(162): CWebApplication->processRequest()
#2 /var/www/hosts/gigadb.cogini.com/htdocs/index.php(13): CApplication->run()
#3 {main}
REQUEST_URI=/assets/e18ec003/jquery.js
HTTP_REFERER=http://192.168.171.46/user/view_profile
---
2013/12/09 13:39:59 [error] [exception.CHttpException.404] exception 'CHttpException' with message 'Unable to resolve the request "assets/34fb8a78/gridview/delete.png".' in /var/www/hosts/gigadb.cogini.com/yii-1.1.10/framework/web/CWebApplication.php:280
Stack trace:
#0 /var/www/hosts/gigadb.cogini.com/yii-1.1.10/framework/web/CWebApplication.php(135): CWebApplication->runController('assets/34fb8a78...')
#1 /var/www/hosts/gigadb.cogini.com/yii-1.1.10/framework/base/CApplication.php(162): CWebApplication->processRequest()
#2 /var/www/hosts/gigadb.cogini.com/htdocs/index.php(13): CApplication->run()
#3 {main}
REQUEST_URI=/assets/34fb8a78/gridview/delete.png
HTTP_REFERER=http://192.168.171.46/user/view_profile
---
2013/12/09 13:39:59 [error] [exception.CHttpException.404] exception 'CHttpException' with message 'Unable to resolve the request "assets/36091b3c/js/bootstrap.min.js".' in /var/www/hosts/gigadb.cogini.com/yii-1.1.10/framework/web/CWebApplication.php:280
Stack trace:
#0 /var/www/hosts/gigadb.cogini.com/yii-1.1.10/framework/web/CWebApplication.php(135): CWebApplication->runController('assets/36091b3c...')
#1 /var/www/hosts/gigadb.cogini.com/yii-1.1.10/framework/base/CApplication.php(162): CWebApplication->processRequest()
#2 /var/www/hosts/gigadb.cogini.com/htdocs/index.php(13): CApplication->run()
#3 {main}
REQUEST_URI=/assets/36091b3c/js/bootstrap.min.js
HTTP_REFERER=http://192.168.171.46/user/view_profile
---
2013/12/09 13:39:59 [error] [exception.CHttpException.404] exception 'CHttpException' with message 'Unable to resolve the request "assets/e18ec003/jquery.ba-bbq.js".' in /var/www/hosts/gigadb.cogini.com/yii-1.1.10/framework/web/CWebApplication.php:280
Stack trace:
#0 /var/www/hosts/gigadb.cogini.com/yii-1.1.10/framework/web/CWebApplication.php(135): CWebApplication->runController('assets/e18ec003...')
#1 /var/www/hosts/gigadb.cogini.com/yii-1.1.10/framework/base/CApplication.php(162): CWebApplication->processRequest()
#2 /var/www/hosts/gigadb.cogini.com/htdocs/index.php(13): CApplication->run()
#3 {main}
REQUEST_URI=/assets/e18ec003/jquery.ba-bbq.js
HTTP_REFERER=http://192.168.171.46/user/view_profile
---
2013/12/09 13:39:59 [error] [exception.CHttpException.404] exception 'CHttpException' with message 'Unable to resolve the request "assets/34fb8a78/gridview/update.png".' in /var/www/hosts/gigadb.cogini.com/yii-1.1.10/framework/web/CWebApplication.php:280
Stack trace:
#0 /var/www/hosts/gigadb.cogini.com/yii-1.1.10/framework/web/CWebApplication.php(135): CWebApplication->runController('assets/34fb8a78...')
#1 /var/www/hosts/gigadb.cogini.com/yii-1.1.10/framework/base/CApplication.php(162): CWebApplication->processRequest()
#2 /var/www/hosts/gigadb.cogini.com/htdocs/index.php(13): CApplication->run()
#3 {main}
REQUEST_URI=/assets/34fb8a78/gridview/update.png
HTTP_REFERER=http://192.168.171.46/user/view_profile
---
2013/12/09 13:40:00 [error] [exception.CHttpException.404] exception 'CHttpException' with message 'Unable to resolve the request "assets/34fb8a78/gridview/update.png".' in /var/www/hosts/gigadb.cogini.com/yii-1.1.10/framework/web/CWebApplication.php:280
Stack trace:
#0 /var/www/hosts/gigadb.cogini.com/yii-1.1.10/framework/web/CWebApplication.php(135): CWebApplication->runController('assets/34fb8a78...')
#1 /var/www/hosts/gigadb.cogini.com/yii-1.1.10/framework/base/CApplication.php(162): CWebApplication->processRequest()
#2 /var/www/hosts/gigadb.cogini.com/htdocs/index.php(13): CApplication->run()
#3 {main}
REQUEST_URI=/assets/34fb8a78/gridview/update.png
HTTP_REFERER=http://192.168.171.46/user/view_profile
---
2013/12/09 13:40:00 [error] [exception.CHttpException.404] exception 'CHttpException' with message 'Unable to resolve the request "assets/34fb8a78/gridview/delete.png".' in /var/www/hosts/gigadb.cogini.com/yii-1.1.10/framework/web/CWebApplication.php:280
Stack trace:
#0 /var/www/hosts/gigadb.cogini.com/yii-1.1.10/framework/web/CWebApplication.php(135): CWebApplication->runController('assets/34fb8a78...')
#1 /var/www/hosts/gigadb.cogini.com/yii-1.1.10/framework/base/CApplication.php(162): CWebApplication->processRequest()
#2 /var/www/hosts/gigadb.cogini.com/htdocs/index.php(13): CApplication->run()
#3 {main}
REQUEST_URI=/assets/34fb8a78/gridview/delete.png
HTTP_REFERER=http://192.168.171.46/user/view_profile
---
2013/12/09 13:41:20 [error] [exception.CHttpException.404] exception 'CHttpException' with message 'Unable to resolve the request "assets/e18ec003/jquery.ba-bbq.js".' in /var/www/hosts/gigadb.cogini.com/yii-1.1.10/framework/web/CWebApplication.php:280
Stack trace:
#0 /var/www/hosts/gigadb.cogini.com/yii-1.1.10/framework/web/CWebApplication.php(135): CWebApplication->runController('assets/e18ec003...')
#1 /var/www/hosts/gigadb.cogini.com/yii-1.1.10/framework/base/CApplication.php(162): CWebApplication->processRequest()
#2 /var/www/hosts/gigadb.cogini.com/htdocs/index.php(13): CApplication->run()
#3 {main}
REQUEST_URI=/assets/e18ec003/jquery.ba-bbq.js
HTTP_REFERER=http://192.168.171.46/user/view_profile
---
2013/12/09 13:41:20 [error] [exception.CHttpException.404] exception 'CHttpException' with message 'Unable to resolve the request "assets/36091b3c/js/bootstrap.min.js".' in /var/www/hosts/gigadb.cogini.com/yii-1.1.10/framework/web/CWebApplication.php:280
Stack trace:
#0 /var/www/hosts/gigadb.cogini.com/yii-1.1.10/framework/web/CWebApplication.php(135): CWebApplication->runController('assets/36091b3c...')
#1 /var/www/hosts/gigadb.cogini.com/yii-1.1.10/framework/base/CApplication.php(162): CWebApplication->processRequest()
#2 /var/www/hosts/gigadb.cogini.com/htdocs/index.php(13): CApplication->run()
#3 {main}
REQUEST_URI=/assets/36091b3c/js/bootstrap.min.js
HTTP_REFERER=http://192.168.171.46/user/view_profile
---
2013/12/09 13:41:20 [error] [exception.CHttpException.404] exception 'CHttpException' with message 'Unable to resolve the request "assets/34fb8a78/gridview/delete.png".' in /var/www/hosts/gigadb.cogini.com/yii-1.1.10/framework/web/CWebApplication.php:280
Stack trace:
#0 /var/www/hosts/gigadb.cogini.com/yii-1.1.10/framework/web/CWebApplication.php(135): CWebApplication->runController('assets/34fb8a78...')
#1 /var/www/hosts/gigadb.cogini.com/yii-1.1.10/framework/base/CApplication.php(162): CWebApplication->processRequest()
#2 /var/www/hosts/gigadb.cogini.com/htdocs/index.php(13): CApplication->run()
#3 {main}
REQUEST_URI=/assets/34fb8a78/gridview/delete.png
HTTP_REFERER=http://192.168.171.46/user/view_profile
---
2013/12/09 13:41:20 [error] [exception.CHttpException.404] exception 'CHttpException' with message 'Unable to resolve the request "assets/e18ec003/jquery.js".' in /var/www/hosts/gigadb.cogini.com/yii-1.1.10/framework/web/CWebApplication.php:280
Stack trace:
#0 /var/www/hosts/gigadb.cogini.com/yii-1.1.10/framework/web/CWebApplication.php(135): CWebApplication->runController('assets/e18ec003...')
#1 /var/www/hosts/gigadb.cogini.com/yii-1.1.10/framework/base/CApplication.php(162): CWebApplication->processRequest()
#2 /var/www/hosts/gigadb.cogini.com/htdocs/index.php(13): CApplication->run()
#3 {main}
REQUEST_URI=/assets/e18ec003/jquery.js
HTTP_REFERER=http://192.168.171.46/user/view_profile
---
2013/12/09 13:41:20 [error] [exception.CHttpException.404] exception 'CHttpException' with message 'Unable to resolve the request "assets/34fb8a78/gridview/update.png".' in /var/www/hosts/gigadb.cogini.com/yii-1.1.10/framework/web/CWebApplication.php:280
Stack trace:
#0 /var/www/hosts/gigadb.cogini.com/yii-1.1.10/framework/web/CWebApplication.php(135): CWebApplication->runController('assets/34fb8a78...')
#1 /var/www/hosts/gigadb.cogini.com/yii-1.1.10/framework/base/CApplication.php(162): CWebApplication->processRequest()
#2 /var/www/hosts/gigadb.cogini.com/htdocs/index.php(13): CApplication->run()
#3 {main}
REQUEST_URI=/assets/34fb8a78/gridview/update.png
HTTP_REFERER=http://192.168.171.46/user/view_profile
---
2013/12/09 13:41:20 [error] [exception.CHttpException.404] exception 'CHttpException' with message 'Unable to resolve the request "assets/34fb8a78/gridview/update.png".' in /var/www/hosts/gigadb.cogini.com/yii-1.1.10/framework/web/CWebApplication.php:280
Stack trace:
#0 /var/www/hosts/gigadb.cogini.com/yii-1.1.10/framework/web/CWebApplication.php(135): CWebApplication->runController('assets/34fb8a78...')
#1 /var/www/hosts/gigadb.cogini.com/yii-1.1.10/framework/base/CApplication.php(162): CWebApplication->processRequest()
#2 /var/www/hosts/gigadb.cogini.com/htdocs/index.php(13): CApplication->run()
#3 {main}
REQUEST_URI=/assets/34fb8a78/gridview/update.png
HTTP_REFERER=http://192.168.171.46/user/view_profile
---
2013/12/09 13:41:20 [error] [exception.CHttpException.404] exception 'CHttpException' with message 'Unable to resolve the request "assets/34fb8a78/gridview/delete.png".' in /var/www/hosts/gigadb.cogini.com/yii-1.1.10/framework/web/CWebApplication.php:280
Stack trace:
#0 /var/www/hosts/gigadb.cogini.com/yii-1.1.10/framework/web/CWebApplication.php(135): CWebApplication->runController('assets/34fb8a78...')
#1 /var/www/hosts/gigadb.cogini.com/yii-1.1.10/framework/base/CApplication.php(162): CWebApplication->processRequest()
#2 /var/www/hosts/gigadb.cogini.com/htdocs/index.php(13): CApplication->run()
#3 {main}
REQUEST_URI=/assets/34fb8a78/gridview/delete.png
HTTP_REFERER=http://192.168.171.46/user/view_profile
---
2013/12/09 13:46:07 [error] [exception.CHttpException.404] exception 'CHttpException' with message 'Unable to resolve the request "assets/34fb8a78/gridview/delete.png".' in /var/www/hosts/gigadb.cogini.com/yii-1.1.10/framework/web/CWebApplication.php:280
Stack trace:
#0 /var/www/hosts/gigadb.cogini.com/yii-1.1.10/framework/web/CWebApplication.php(135): CWebApplication->runController('assets/34fb8a78...')
#1 /var/www/hosts/gigadb.cogini.com/yii-1.1.10/framework/base/CApplication.php(162): CWebApplication->processRequest()
#2 /var/www/hosts/gigadb.cogini.com/htdocs/index.php(13): CApplication->run()
#3 {main}
REQUEST_URI=/assets/34fb8a78/gridview/delete.png
HTTP_REFERER=http://192.168.171.46/user/view_profile
---
2013/12/09 13:46:06 [error] [exception.CHttpException.404] exception 'CHttpException' with message 'Unable to resolve the request "assets/36091b3c/js/bootstrap.min.js".' in /var/www/hosts/gigadb.cogini.com/yii-1.1.10/framework/web/CWebApplication.php:280
Stack trace:
#0 /var/www/hosts/gigadb.cogini.com/yii-1.1.10/framework/web/CWebApplication.php(135): CWebApplication->runController('assets/36091b3c...')
#1 /var/www/hosts/gigadb.cogini.com/yii-1.1.10/framework/base/CApplication.php(162): CWebApplication->processRequest()
#2 /var/www/hosts/gigadb.cogini.com/htdocs/index.php(13): CApplication->run()
#3 {main}
REQUEST_URI=/assets/36091b3c/js/bootstrap.min.js
HTTP_REFERER=http://192.168.171.46/user/view_profile
---
2013/12/09 13:46:07 [error] [exception.CHttpException.404] exception 'CHttpException' with message 'Unable to resolve the request "assets/e18ec003/jquery.js".' in /var/www/hosts/gigadb.cogini.com/yii-1.1.10/framework/web/CWebApplication.php:280
Stack trace:
#0 /var/www/hosts/gigadb.cogini.com/yii-1.1.10/framework/web/CWebApplication.php(135): CWebApplication->runController('assets/e18ec003...')
#1 /var/www/hosts/gigadb.cogini.com/yii-1.1.10/framework/base/CApplication.php(162): CWebApplication->processRequest()
#2 /var/www/hosts/gigadb.cogini.com/htdocs/index.php(13): CApplication->run()
#3 {main}
REQUEST_URI=/assets/e18ec003/jquery.js
HTTP_REFERER=http://192.168.171.46/user/view_profile
---
2013/12/09 13:46:07 [error] [exception.CHttpException.404] exception 'CHttpException' with message 'Unable to resolve the request "assets/e18ec003/jquery.ba-bbq.js".' in /var/www/hosts/gigadb.cogini.com/yii-1.1.10/framework/web/CWebApplication.php:280
Stack trace:
#0 /var/www/hosts/gigadb.cogini.com/yii-1.1.10/framework/web/CWebApplication.php(135): CWebApplication->runController('assets/e18ec003...')
#1 /var/www/hosts/gigadb.cogini.com/yii-1.1.10/framework/base/CApplication.php(162): CWebApplication->processRequest()
#2 /var/www/hosts/gigadb.cogini.com/htdocs/index.php(13): CApplication->run()
#3 {main}
REQUEST_URI=/assets/e18ec003/jquery.ba-bbq.js
HTTP_REFERER=http://192.168.171.46/user/view_profile
---
2013/12/09 13:46:07 [error] [exception.CHttpException.404] exception 'CHttpException' with message 'Unable to resolve the request "assets/34fb8a78/gridview/update.png".' in /var/www/hosts/gigadb.cogini.com/yii-1.1.10/framework/web/CWebApplication.php:280
Stack trace:
#0 /var/www/hosts/gigadb.cogini.com/yii-1.1.10/framework/web/CWebApplication.php(135): CWebApplication->runController('assets/34fb8a78...')
#1 /var/www/hosts/gigadb.cogini.com/yii-1.1.10/framework/base/CApplication.php(162): CWebApplication->processRequest()
#2 /var/www/hosts/gigadb.cogini.com/htdocs/index.php(13): CApplication->run()
#3 {main}
REQUEST_URI=/assets/34fb8a78/gridview/update.png
HTTP_REFERER=http://192.168.171.46/user/view_profile
---
2013/12/09 13:46:07 [error] [exception.CHttpException.404] exception 'CHttpException' with message 'Unable to resolve the request "assets/34fb8a78/gridview/delete.png".' in /var/www/hosts/gigadb.cogini.com/yii-1.1.10/framework/web/CWebApplication.php:280
Stack trace:
#0 /var/www/hosts/gigadb.cogini.com/yii-1.1.10/framework/web/CWebApplication.php(135): CWebApplication->runController('assets/34fb8a78...')
#1 /var/www/hosts/gigadb.cogini.com/yii-1.1.10/framework/base/CApplication.php(162): CWebApplication->processRequest()
#2 /var/www/hosts/gigadb.cogini.com/htdocs/index.php(13): CApplication->run()
#3 {main}
REQUEST_URI=/assets/34fb8a78/gridview/delete.png
HTTP_REFERER=http://192.168.171.46/user/view_profile
---
2013/12/09 15:09:21 [error] [exception.CHttpException.404] exception 'CHttpException' with message 'Unable to resolve the request "assets/e18ec003/jquery.js".' in /var/www/hosts/gigadb.cogini.com/yii-1.1.10/framework/web/CWebApplication.php:280
Stack trace:
#0 /var/www/hosts/gigadb.cogini.com/yii-1.1.10/framework/web/CWebApplication.php(135): CWebApplication->runController('assets/e18ec003...')
#1 /var/www/hosts/gigadb.cogini.com/yii-1.1.10/framework/base/CApplication.php(162): CWebApplication->processRequest()
#2 /var/www/hosts/gigadb.cogini.com/htdocs/index.php(13): CApplication->run()
#3 {main}
REQUEST_URI=/assets/e18ec003/jquery.js
HTTP_REFERER=http://192.168.171.46/user/view_profile
---
2013/12/09 15:09:21 [error] [exception.CHttpException.404] exception 'CHttpException' with message 'Unable to resolve the request "assets/e18ec003/jquery.ba-bbq.js".' in /var/www/hosts/gigadb.cogini.com/yii-1.1.10/framework/web/CWebApplication.php:280
Stack trace:
#0 /var/www/hosts/gigadb.cogini.com/yii-1.1.10/framework/web/CWebApplication.php(135): CWebApplication->runController('assets/e18ec003...')
#1 /var/www/hosts/gigadb.cogini.com/yii-1.1.10/framework/base/CApplication.php(162): CWebApplication->processRequest()
#2 /var/www/hosts/gigadb.cogini.com/htdocs/index.php(13): CApplication->run()
#3 {main}
REQUEST_URI=/assets/e18ec003/jquery.ba-bbq.js
HTTP_REFERER=http://192.168.171.46/user/view_profile
---
2013/12/09 15:09:21 [error] [exception.CHttpException.404] exception 'CHttpException' with message 'Unable to resolve the request "assets/34fb8a78/gridview/update.png".' in /var/www/hosts/gigadb.cogini.com/yii-1.1.10/framework/web/CWebApplication.php:280
Stack trace:
#0 /var/www/hosts/gigadb.cogini.com/yii-1.1.10/framework/web/CWebApplication.php(135): CWebApplication->runController('assets/34fb8a78...')
#1 /var/www/hosts/gigadb.cogini.com/yii-1.1.10/framework/base/CApplication.php(162): CWebApplication->processRequest()
#2 /var/www/hosts/gigadb.cogini.com/htdocs/index.php(13): CApplication->run()
#3 {main}
REQUEST_URI=/assets/34fb8a78/gridview/update.png
HTTP_REFERER=http://192.168.171.46/user/view_profile
---
2013/12/09 15:09:21 [error] [exception.CHttpException.404] exception 'CHttpException' with message 'Unable to resolve the request "assets/34fb8a78/gridview/delete.png".' in /var/www/hosts/gigadb.cogini.com/yii-1.1.10/framework/web/CWebApplication.php:280
Stack trace:
#0 /var/www/hosts/gigadb.cogini.com/yii-1.1.10/framework/web/CWebApplication.php(135): CWebApplication->runController('assets/34fb8a78...')
#1 /var/www/hosts/gigadb.cogini.com/yii-1.1.10/framework/base/CApplication.php(162): CWebApplication->processRequest()
#2 /var/www/hosts/gigadb.cogini.com/htdocs/index.php(13): CApplication->run()
#3 {main}
REQUEST_URI=/assets/34fb8a78/gridview/delete.png
HTTP_REFERER=http://192.168.171.46/user/view_profile
---
2013/12/09 15:09:21 [error] [exception.CHttpException.404] exception 'CHttpException' with message 'Unable to resolve the request "assets/36091b3c/js/bootstrap.min.js".' in /var/www/hosts/gigadb.cogini.com/yii-1.1.10/framework/web/CWebApplication.php:280
Stack trace:
#0 /var/www/hosts/gigadb.cogini.com/yii-1.1.10/framework/web/CWebApplication.php(135): CWebApplication->runController('assets/36091b3c...')
#1 /var/www/hosts/gigadb.cogini.com/yii-1.1.10/framework/base/CApplication.php(162): CWebApplication->processRequest()
#2 /var/www/hosts/gigadb.cogini.com/htdocs/index.php(13): CApplication->run()
#3 {main}
REQUEST_URI=/assets/36091b3c/js/bootstrap.min.js
HTTP_REFERER=http://192.168.171.46/user/view_profile
---
2013/12/09 15:09:21 [error] [exception.CHttpException.404] exception 'CHttpException' with message 'Unable to resolve the request "assets/34fb8a78/gridview/delete.png".' in /var/www/hosts/gigadb.cogini.com/yii-1.1.10/framework/web/CWebApplication.php:280
Stack trace:
#0 /var/www/hosts/gigadb.cogini.com/yii-1.1.10/framework/web/CWebApplication.php(135): CWebApplication->runController('assets/34fb8a78...')
#1 /var/www/hosts/gigadb.cogini.com/yii-1.1.10/framework/base/CApplication.php(162): CWebApplication->processRequest()
#2 /var/www/hosts/gigadb.cogini.com/htdocs/index.php(13): CApplication->run()
#3 {main}
REQUEST_URI=/assets/34fb8a78/gridview/delete.png
HTTP_REFERER=http://192.168.171.46/user/view_profile
---
2013/12/09 15:09:21 [error] [exception.CHttpException.404] exception 'CHttpException' with message 'Unable to resolve the request "assets/34fb8a78/gridview/update.png".' in /var/www/hosts/gigadb.cogini.com/yii-1.1.10/framework/web/CWebApplication.php:280
Stack trace:
#0 /var/www/hosts/gigadb.cogini.com/yii-1.1.10/framework/web/CWebApplication.php(135): CWebApplication->runController('assets/34fb8a78...')
#1 /var/www/hosts/gigadb.cogini.com/yii-1.1.10/framework/base/CApplication.php(162): CWebApplication->processRequest()
#2 /var/www/hosts/gigadb.cogini.com/htdocs/index.php(13): CApplication->run()
#3 {main}
REQUEST_URI=/assets/34fb8a78/gridview/update.png
HTTP_REFERER=http://192.168.171.46/user/view_profile
---
2013/12/09 15:52:35 [error] [exception.CHttpException.404] exception 'CHttpException' with message 'Unable to resolve the request "assets/e18ec003/jquery.ba-bbq.js".' in /var/www/hosts/gigadb.cogini.com/yii-1.1.10/framework/web/CWebApplication.php:280
Stack trace:
#0 /var/www/hosts/gigadb.cogini.com/yii-1.1.10/framework/web/CWebApplication.php(135): CWebApplication->runController('assets/e18ec003...')
#1 /var/www/hosts/gigadb.cogini.com/yii-1.1.10/framework/base/CApplication.php(162): CWebApplication->processRequest()
#2 /var/www/hosts/gigadb.cogini.com/htdocs/index.php(13): CApplication->run()
#3 {main}
REQUEST_URI=/assets/e18ec003/jquery.ba-bbq.js
HTTP_REFERER=http://192.168.171.46/user/view_profile
---
2013/12/09 15:52:35 [error] [exception.CHttpException.404] exception 'CHttpException' with message 'Unable to resolve the request "assets/e18ec003/jquery.js".' in /var/www/hosts/gigadb.cogini.com/yii-1.1.10/framework/web/CWebApplication.php:280
Stack trace:
#0 /var/www/hosts/gigadb.cogini.com/yii-1.1.10/framework/web/CWebApplication.php(135): CWebApplication->runController('assets/e18ec003...')
#1 /var/www/hosts/gigadb.cogini.com/yii-1.1.10/framework/base/CApplication.php(162): CWebApplication->processRequest()
#2 /var/www/hosts/gigadb.cogini.com/htdocs/index.php(13): CApplication->run()
#3 {main}
REQUEST_URI=/assets/e18ec003/jquery.js
HTTP_REFERER=http://192.168.171.46/user/view_profile
---
2013/12/09 15:52:35 [error] [exception.CHttpException.404] exception 'CHttpException' with message 'Unable to resolve the request "assets/34fb8a78/gridview/update.png".' in /var/www/hosts/gigadb.cogini.com/yii-1.1.10/framework/web/CWebApplication.php:280
Stack trace:
#0 /var/www/hosts/gigadb.cogini.com/yii-1.1.10/framework/web/CWebApplication.php(135): CWebApplication->runController('assets/34fb8a78...')
#1 /var/www/hosts/gigadb.cogini.com/yii-1.1.10/framework/base/CApplication.php(162): CWebApplication->processRequest()
#2 /var/www/hosts/gigadb.cogini.com/htdocs/index.php(13): CApplication->run()
#3 {main}
REQUEST_URI=/assets/34fb8a78/gridview/update.png
HTTP_REFERER=http://192.168.171.46/user/view_profile
---
2013/12/09 15:52:35 [error] [exception.CHttpException.404] exception 'CHttpException' with message 'Unable to resolve the request "assets/34fb8a78/gridview/delete.png".' in /var/www/hosts/gigadb.cogini.com/yii-1.1.10/framework/web/CWebApplication.php:280
Stack trace:
#0 /var/www/hosts/gigadb.cogini.com/yii-1.1.10/framework/web/CWebApplication.php(135): CWebApplication->runController('assets/34fb8a78...')
#1 /var/www/hosts/gigadb.cogini.com/yii-1.1.10/framework/base/CApplication.php(162): CWebApplication->processRequest()
#2 /var/www/hosts/gigadb.cogini.com/htdocs/index.php(13): CApplication->run()
#3 {main}
REQUEST_URI=/assets/34fb8a78/gridview/delete.png
HTTP_REFERER=http://192.168.171.46/user/view_profile
---
2013/12/09 15:52:35 [error] [exception.CHttpException.404] exception 'CHttpException' with message 'Unable to resolve the request "assets/36091b3c/js/bootstrap.min.js".' in /var/www/hosts/gigadb.cogini.com/yii-1.1.10/framework/web/CWebApplication.php:280
Stack trace:
#0 /var/www/hosts/gigadb.cogini.com/yii-1.1.10/framework/web/CWebApplication.php(135): CWebApplication->runController('assets/36091b3c...')
#1 /var/www/hosts/gigadb.cogini.com/yii-1.1.10/framework/base/CApplication.php(162): CWebApplication->processRequest()
#2 /var/www/hosts/gigadb.cogini.com/htdocs/index.php(13): CApplication->run()
#3 {main}
REQUEST_URI=/assets/36091b3c/js/bootstrap.min.js
HTTP_REFERER=http://192.168.171.46/user/view_profile
---
2013/12/09 15:52:35 [error] [exception.CHttpException.404] exception 'CHttpException' with message 'Unable to resolve the request "assets/34fb8a78/gridview/delete.png".' in /var/www/hosts/gigadb.cogini.com/yii-1.1.10/framework/web/CWebApplication.php:280
Stack trace:
#0 /var/www/hosts/gigadb.cogini.com/yii-1.1.10/framework/web/CWebApplication.php(135): CWebApplication->runController('assets/34fb8a78...')
#1 /var/www/hosts/gigadb.cogini.com/yii-1.1.10/framework/base/CApplication.php(162): CWebApplication->processRequest()
#2 /var/www/hosts/gigadb.cogini.com/htdocs/index.php(13): CApplication->run()
#3 {main}
REQUEST_URI=/assets/34fb8a78/gridview/delete.png
HTTP_REFERER=http://192.168.171.46/user/view_profile
---
2013/12/09 15:52:35 [error] [exception.CHttpException.404] exception 'CHttpException' with message 'Unable to resolve the request "assets/34fb8a78/gridview/update.png".' in /var/www/hosts/gigadb.cogini.com/yii-1.1.10/framework/web/CWebApplication.php:280
Stack trace:
#0 /var/www/hosts/gigadb.cogini.com/yii-1.1.10/framework/web/CWebApplication.php(135): CWebApplication->runController('assets/34fb8a78...')
#1 /var/www/hosts/gigadb.cogini.com/yii-1.1.10/framework/base/CApplication.php(162): CWebApplication->processRequest()
#2 /var/www/hosts/gigadb.cogini.com/htdocs/index.php(13): CApplication->run()
#3 {main}
REQUEST_URI=/assets/34fb8a78/gridview/update.png
HTTP_REFERER=http://192.168.171.46/user/view_profile
---
2013/12/09 02:01:58 [error] [php] Undefined variable: full_dataset_result (/var/www/hosts/gigadb.cogini.com/htdocs/protected/views/search/index.php:9)
Stack trace:
#0 /var/www/hosts/gigadb.cogini.com/yii-1.1.10/framework/web/CController.php(870): SearchController->renderFile()
#1 /var/www/hosts/gigadb.cogini.com/yii-1.1.10/framework/web/CController.php(783): SearchController->renderPartial()
#2 /var/www/hosts/gigadb.cogini.com/htdocs/protected/controllers/SearchController.php(199): SearchController->render()
#3 unknown(0): SearchController->actionIndex()
#4 /var/www/hosts/gigadb.cogini.com/yii-1.1.10/framework/web/actions/CAction.php(107): ReflectionMethod->invokeArgs()
#5 /var/www/hosts/gigadb.cogini.com/yii-1.1.10/framework/web/actions/CInlineAction.php(48): CInlineAction->runWithParamsInternal()
#6 /var/www/hosts/gigadb.cogini.com/yii-1.1.10/framework/web/CController.php(309): CInlineAction->runWithParams()
#7 /var/www/hosts/gigadb.cogini.com/yii-1.1.10/framework/web/CController.php(287): SearchController->runAction()
#8 /var/www/hosts/gigadb.cogini.com/yii-1.1.10/framework/web/CController.php(266): SearchController->runActionWithFilters()
#9 /var/www/hosts/gigadb.cogini.com/yii-1.1.10/framework/web/CWebApplication.php(276): SearchController->run()
#10 /var/www/hosts/gigadb.cogini.com/yii-1.1.10/framework/web/CWebApplication.php(135): CWebApplication->runController()
#11 /var/www/hosts/gigadb.cogini.com/yii-1.1.10/framework/base/CApplication.php(162): CWebApplication->processRequest()
#12 /var/www/hosts/gigadb.cogini.com/htdocs/index.php(13): CWebApplication->run()
REQUEST_URI=/search/index?keyword=human&yt0=Search+again
in /var/www/hosts/gigadb.cogini.com/htdocs/protected/views/search/index.php (9)
in /var/www/hosts/gigadb.cogini.com/htdocs/protected/controllers/SearchController.php (199)
in /var/www/hosts/gigadb.cogini.com/htdocs/index.php (13)
2013/12/09 19:32:01 [error] [exception.CHttpException.404] exception 'CHttpException' with message 'Unable to resolve the request "manager/html".' in /var/www/hosts/gigadb.cogini.com/yii-1.1.10/framework/web/CWebApplication.php:280
Stack trace:
#0 /var/www/hosts/gigadb.cogini.com/yii-1.1.10/framework/web/CWebApplication.php(135): CWebApplication->runController('manager/html')
#1 /var/www/hosts/gigadb.cogini.com/yii-1.1.10/framework/base/CApplication.php(162): CWebApplication->processRequest()
#2 /var/www/hosts/gigadb.cogini.com/htdocs/index.php(13): CApplication->run()
#3 {main}
REQUEST_URI=/manager/html
---
2013/12/09 20:20:59 [debug] [application]     .... 
in /var/www/hosts/gigadb.cogini.com/htdocs/protected/views/dataset/view.php (264)
in /var/www/hosts/gigadb.cogini.com/htdocs/protected/controllers/DatasetController.php (195)
in /var/www/hosts/gigadb.cogini.com/htdocs/index.php (13)
2013/12/10 09:05:26 [error] [exception.CHttpException.404] exception 'CHttpException' with message 'Unable to resolve the request "software/autoconf-archive/index.html".' in /var/www/hosts/gigadb.cogini.com/yii-1.1.10/framework/web/CWebApplication.php:280
Stack trace:
#0 /var/www/hosts/gigadb.cogini.com/yii-1.1.10/framework/web/CWebApplication.php(135): CWebApplication->runController('software/autoco...')
#1 /var/www/hosts/gigadb.cogini.com/yii-1.1.10/framework/base/CApplication.php(162): CWebApplication->processRequest()
#2 /var/www/hosts/gigadb.cogini.com/htdocs/index.php(13): CApplication->run()
#3 {main}
REQUEST_URI=http://www.gnu.org:80/software/autoconf-archive/index.html
---
